════════════════════════════════════════════════════════════════════════
RUN SIM-COOP-1f4971-r0
════════════════════════════════════════════════════════════════════════

┌─ STAGE 1: ASSESSMENT (chat) ────────────────────────────────────────
│ t1 │ Borrower: Yes, I got the notice. I'm ready to discuss.
│    │ Agent:    Last four digits of your loan account number and your birth year.
│    │ out_tokens=16
│ t2 │ Borrower: Last 4 digits are 4455, born in 1992.
│    │ Agent:    Monthly income amount.
│    │ out_tokens=7
│ t3 │ Borrower: I earn 75000 a month.
│    │ Agent:    Monthly expenses amount.
│    │ out_tokens=7
│ t4 │ Borrower: My monthly expenses are about 45000.
│    │ Agent:    Employment status — salaried, self-employed, or unemployed.
│    │ out_tokens=18
│ t5 │ Borrower: I'm salaried at a tech firm in Bengaluru.
│    │ Agent:    Assets — property, vehicle, or investments. Total value in rupees.
│    │ out_tokens=18
│ t6 │ Borrower: I own a flat worth about 3500000 and a car worth 800000.
│    │ Agent:    Other liabilities — outstanding loans, credit card debt, or EMIs. Total amount in rupees.
│    │ out_tokens=24
│ t7 │ Borrower: No other loans at the moment.
│    │ Agent:    Cash flow difficulty — yes, no, or mild.
│    │ out_tokens=14
│ t8 │ Borrower: Cash flow is a bit tight this quarter but manageable.
│    │ Agent:    
│    │ out_tokens=12 ✓ ADVANCED
│ Stage eval: PASS (score=1.00)
│   ✓ no_repeat_questions    1.00 — no context provided
│   ✓ tone_compliance        1.00 — tone correct
│   ✓ resolution_push        1.00 — N/A for assessment
│   ✓ response_length        1.00 — avg 7 words (limit 120)
│   ✓ outcome_marker         1.00 — stage completed
└───────────────────────────────────────────────────────────────────────

┌─ STAGE 2: RESOLUTION (voice) ────────────────────────────────────────
│ t1 │ Borrower: What plans can you offer me?
│    │ Agent:    Here's the offer: ₹12,750 down payment within 3 days, then ₹7,225 per month for 10 months. This clears your full outstanding balance.

Can you commit to this today?
│    │ out_tokens=55
│ t2 │ Borrower: The installment plan sounds workable. Can the down payment be lower?
│    │ Agent:    The terms remain: ₹12,750 down payment within 3 days, then ₹7,225 monthly for 10 months. This is the settlement available.

Can you commit to this today?
│    │ out_tokens=51
│ t3 │ Borrower: Fine. I accept the installment plan.
│    │ Agent:    Confirmed. You've committed to ₹12,750 down payment by April 24th, then ₹7,225 monthly for 10 months.

You'll receive payment details shortly. Thank you for resolving this today.
│    │ out_tokens=62 ✓ ADVANCED
│ Stage eval: PASS (score=0.96)
│   ✓ no_repeat_questions    1.00 — no context provided
│   ✓ tone_compliance        1.00 — tone correct
│   ✓ resolution_push        0.80 — 2/5 push keywords found
│   ✓ response_length        1.00 — avg 27 words (limit 40)
│   ✓ outcome_marker         1.00 — stage completed
└───────────────────────────────────────────────────────────────────────

┌─ STAGE 3: FINAL NOTICE (chat) ────────────────────────────────────────
│ t1 │ Borrower: Got it. I'll make the down payment today.
│    │ Agent:    Acknowledged. Down payment of ₹12,750 due today. Remaining ₹7,225/month for 10 months beginning next month.

Payment instructions will be sent to your registered contact.
│    │ out_tokens=55 ✓ ADVANCED
│ Stage eval: PASS (score=0.80)
│   ✓ no_repeat_questions    1.00 — no context provided
│   ✓ tone_compliance        1.00 — tone correct
│   ✗ resolution_push        0.00 — 0/5 push keywords found
│   ✓ response_length        1.00 — avg 24 words (limit 120)
│   ✓ outcome_marker         1.00 — stage completed
└───────────────────────────────────────────────────────────────────────

── Cost breakdown ──
  AssessmentAgent: 4911 in / 116 out = $0.0824
  ResolutionAgent: 2628 in / 168 out = $0.0520
  FinalNoticeAgent: 958 in / 55 out = $0.0185
  TOTAL: $0.1529
